<?xml version="1.0" encoding="UTF-8"?>
<testsuite xmlns:xsi="http://www.w3.org/2001/XMLSchema-instance" xsi:noNamespaceSchemaLocation="https://maven.apache.org/surefire/maven-surefire-plugin/xsd/surefire-test-report-3.0.xsd" version="3.0" name="TestSuite" time="7.271" tests="9" errors="0" skipped="0" failures="0">
  <properties>
    <property name="java.specification.version" value="23"/>
    <property name="sun.jnu.encoding" value="UTF-8"/>
    <property name="java.class.path" value="/Users/kekeli/Desktop/videogame-api-test/target/test-classes:/Users/kekeli/Desktop/videogame-api-test/target/classes:/Users/kekeli/.m2/repository/io/rest-assured/rest-assured/5.4.0/rest-assured-5.4.0.jar:/Users/kekeli/.m2/repository/org/apache/groovy/groovy/4.0.16/groovy-4.0.16.jar:/Users/kekeli/.m2/repository/org/apache/groovy/groovy-xml/4.0.16/groovy-xml-4.0.16.jar:/Users/kekeli/.m2/repository/org/apache/httpcomponents/httpclient/4.5.13/httpclient-4.5.13.jar:/Users/kekeli/.m2/repository/org/apache/httpcomponents/httpcore/4.4.13/httpcore-4.4.13.jar:/Users/kekeli/.m2/repository/commons-logging/commons-logging/1.2/commons-logging-1.2.jar:/Users/kekeli/.m2/repository/commons-codec/commons-codec/1.11/commons-codec-1.11.jar:/Users/kekeli/.m2/repository/org/apache/httpcomponents/httpmime/4.5.13/httpmime-4.5.13.jar:/Users/kekeli/.m2/repository/org/hamcrest/hamcrest/2.2/hamcrest-2.2.jar:/Users/kekeli/.m2/repository/org/ccil/cowan/tagsoup/tagsoup/1.2.1/tagsoup-1.2.1.jar:/Users/kekeli/.m2/repository/io/rest-assured/json-path/5.4.0/json-path-5.4.0.jar:/Users/kekeli/.m2/repository/org/apache/groovy/groovy-json/4.0.16/groovy-json-4.0.16.jar:/Users/kekeli/.m2/repository/io/rest-assured/rest-assured-common/5.4.0/rest-assured-common-5.4.0.jar:/Users/kekeli/.m2/repository/io/rest-assured/xml-path/5.4.0/xml-path-5.4.0.jar:/Users/kekeli/.m2/repository/org/apache/commons/commons-lang3/3.11/commons-lang3-3.11.jar:/Users/kekeli/.m2/repository/org/apache/httpcomponents/client5/httpclient5/5.2/httpclient5-5.2.jar:/Users/kekeli/.m2/repository/org/apache/httpcomponents/core5/httpcore5/5.2/httpcore5-5.2.jar:/Users/kekeli/.m2/repository/org/apache/httpcomponents/core5/httpcore5-h2/5.2/httpcore5-h2-5.2.jar:/Users/kekeli/.m2/repository/org/testng/testng/7.7.0/testng-7.7.0.jar:/Users/kekeli/.m2/repository/com/beust/jcommander/1.82/jcommander-1.82.jar:/Users/kekeli/.m2/repository/org/webjars/jquery/3.6.1/jquery-3.6.1.jar:/Users/kekeli/.m2/repository/com/fasterxml/jackson/core/jackson-databind/2.15.0/jackson-databind-2.15.0.jar:/Users/kekeli/.m2/repository/com/fasterxml/jackson/core/jackson-annotations/2.15.0/jackson-annotations-2.15.0.jar:/Users/kekeli/.m2/repository/com/fasterxml/jackson/core/jackson-core/2.15.0/jackson-core-2.15.0.jar:/Users/kekeli/.m2/repository/com/aventstack/extentreports/5.0.9/extentreports-5.0.9.jar:/Users/kekeli/.m2/repository/io/reactivex/rxjava3/rxjava/3.0.4/rxjava-3.0.4.jar:/Users/kekeli/.m2/repository/org/reactivestreams/reactive-streams/1.0.3/reactive-streams-1.0.3.jar:/Users/kekeli/.m2/repository/org/freemarker/freemarker/2.3.30/freemarker-2.3.30.jar:/Users/kekeli/.m2/repository/com/google/code/gson/gson/2.8.6/gson-2.8.6.jar:/Users/kekeli/.m2/repository/org/json/json/20210307/json-20210307.jar:/Users/kekeli/.m2/repository/io/qameta/allure/allure-testng/2.21.0/allure-testng-2.21.0.jar:/Users/kekeli/.m2/repository/io/qameta/allure/allure-java-commons/2.21.0/allure-java-commons-2.21.0.jar:/Users/kekeli/.m2/repository/io/qameta/allure/allure-model/2.21.0/allure-model-2.21.0.jar:/Users/kekeli/.m2/repository/io/qameta/allure/allure-test-filter/2.21.0/allure-test-filter-2.21.0.jar:/Users/kekeli/.m2/repository/org/projectlombok/lombok/1.18.30/lombok-1.18.30.jar:/Users/kekeli/.m2/repository/org/slf4j/slf4j-api/2.0.9/slf4j-api-2.0.9.jar:/Users/kekeli/.m2/repository/org/apache/logging/log4j/log4j-core/2.20.0/log4j-core-2.20.0.jar:/Users/kekeli/.m2/repository/org/apache/logging/log4j/log4j-api/2.20.0/log4j-api-2.20.0.jar:/Users/kekeli/.m2/repository/org/apache/logging/log4j/log4j-slf4j-impl/2.20.0/log4j-slf4j-impl-2.20.0.jar:"/>
    <property name="java.vm.vendor" value="Oracle Corporation"/>
    <property name="sun.arch.data.model" value="64"/>
    <property name="java.vendor.url" value="https://java.oracle.com/"/>
    <property name="user.timezone" value="Africa/Accra"/>
    <property name="os.name" value="Mac OS X"/>
    <property name="java.vm.specification.version" value="23"/>
    <property name="sun.java.launcher" value="SUN_STANDARD"/>
    <property name="user.country" value="US"/>
    <property name="sun.boot.library.path" value="/Library/Java/JavaVirtualMachines/jdk-23.jdk/Contents/Home/lib"/>
    <property name="sun.java.command" value="/Users/kekeli/Desktop/videogame-api-test/target/surefire/surefirebooter-20250201105712980_3.jar /Users/kekeli/Desktop/videogame-api-test/target/surefire 2025-02-01T10-57-12_851-jvmRun1 surefire-20250201105712980_1tmp surefire_0-20250201105712980_2tmp"/>
    <property name="http.nonProxyHosts" value="local|*.local|169.254/16|*.169.254/16"/>
    <property name="jdk.debug" value="release"/>
    <property name="surefire.test.class.path" value="/Users/kekeli/Desktop/videogame-api-test/target/test-classes:/Users/kekeli/Desktop/videogame-api-test/target/classes:/Users/kekeli/.m2/repository/io/rest-assured/rest-assured/5.4.0/rest-assured-5.4.0.jar:/Users/kekeli/.m2/repository/org/apache/groovy/groovy/4.0.16/groovy-4.0.16.jar:/Users/kekeli/.m2/repository/org/apache/groovy/groovy-xml/4.0.16/groovy-xml-4.0.16.jar:/Users/kekeli/.m2/repository/org/apache/httpcomponents/httpclient/4.5.13/httpclient-4.5.13.jar:/Users/kekeli/.m2/repository/org/apache/httpcomponents/httpcore/4.4.13/httpcore-4.4.13.jar:/Users/kekeli/.m2/repository/commons-logging/commons-logging/1.2/commons-logging-1.2.jar:/Users/kekeli/.m2/repository/commons-codec/commons-codec/1.11/commons-codec-1.11.jar:/Users/kekeli/.m2/repository/org/apache/httpcomponents/httpmime/4.5.13/httpmime-4.5.13.jar:/Users/kekeli/.m2/repository/org/hamcrest/hamcrest/2.2/hamcrest-2.2.jar:/Users/kekeli/.m2/repository/org/ccil/cowan/tagsoup/tagsoup/1.2.1/tagsoup-1.2.1.jar:/Users/kekeli/.m2/repository/io/rest-assured/json-path/5.4.0/json-path-5.4.0.jar:/Users/kekeli/.m2/repository/org/apache/groovy/groovy-json/4.0.16/groovy-json-4.0.16.jar:/Users/kekeli/.m2/repository/io/rest-assured/rest-assured-common/5.4.0/rest-assured-common-5.4.0.jar:/Users/kekeli/.m2/repository/io/rest-assured/xml-path/5.4.0/xml-path-5.4.0.jar:/Users/kekeli/.m2/repository/org/apache/commons/commons-lang3/3.11/commons-lang3-3.11.jar:/Users/kekeli/.m2/repository/org/apache/httpcomponents/client5/httpclient5/5.2/httpclient5-5.2.jar:/Users/kekeli/.m2/repository/org/apache/httpcomponents/core5/httpcore5/5.2/httpcore5-5.2.jar:/Users/kekeli/.m2/repository/org/apache/httpcomponents/core5/httpcore5-h2/5.2/httpcore5-h2-5.2.jar:/Users/kekeli/.m2/repository/org/testng/testng/7.7.0/testng-7.7.0.jar:/Users/kekeli/.m2/repository/com/beust/jcommander/1.82/jcommander-1.82.jar:/Users/kekeli/.m2/repository/org/webjars/jquery/3.6.1/jquery-3.6.1.jar:/Users/kekeli/.m2/repository/com/fasterxml/jackson/core/jackson-databind/2.15.0/jackson-databind-2.15.0.jar:/Users/kekeli/.m2/repository/com/fasterxml/jackson/core/jackson-annotations/2.15.0/jackson-annotations-2.15.0.jar:/Users/kekeli/.m2/repository/com/fasterxml/jackson/core/jackson-core/2.15.0/jackson-core-2.15.0.jar:/Users/kekeli/.m2/repository/com/aventstack/extentreports/5.0.9/extentreports-5.0.9.jar:/Users/kekeli/.m2/repository/io/reactivex/rxjava3/rxjava/3.0.4/rxjava-3.0.4.jar:/Users/kekeli/.m2/repository/org/reactivestreams/reactive-streams/1.0.3/reactive-streams-1.0.3.jar:/Users/kekeli/.m2/repository/org/freemarker/freemarker/2.3.30/freemarker-2.3.30.jar:/Users/kekeli/.m2/repository/com/google/code/gson/gson/2.8.6/gson-2.8.6.jar:/Users/kekeli/.m2/repository/org/json/json/20210307/json-20210307.jar:/Users/kekeli/.m2/repository/io/qameta/allure/allure-testng/2.21.0/allure-testng-2.21.0.jar:/Users/kekeli/.m2/repository/io/qameta/allure/allure-java-commons/2.21.0/allure-java-commons-2.21.0.jar:/Users/kekeli/.m2/repository/io/qameta/allure/allure-model/2.21.0/allure-model-2.21.0.jar:/Users/kekeli/.m2/repository/io/qameta/allure/allure-test-filter/2.21.0/allure-test-filter-2.21.0.jar:/Users/kekeli/.m2/repository/org/projectlombok/lombok/1.18.30/lombok-1.18.30.jar:/Users/kekeli/.m2/repository/org/slf4j/slf4j-api/2.0.9/slf4j-api-2.0.9.jar:/Users/kekeli/.m2/repository/org/apache/logging/log4j/log4j-core/2.20.0/log4j-core-2.20.0.jar:/Users/kekeli/.m2/repository/org/apache/logging/log4j/log4j-api/2.20.0/log4j-api-2.20.0.jar:/Users/kekeli/.m2/repository/org/apache/logging/log4j/log4j-slf4j-impl/2.20.0/log4j-slf4j-impl-2.20.0.jar:"/>
    <property name="allure.results.directory" value="target/allure-results"/>
    <property name="sun.cpu.endian" value="little"/>
    <property name="user.home" value="/Users/kekeli"/>
    <property name="user.language" value="en"/>
    <property name="java.specification.vendor" value="Oracle Corporation"/>
    <property name="java.version.date" value="2024-10-15"/>
    <property name="java.home" value="/Library/Java/JavaVirtualMachines/jdk-23.jdk/Contents/Home"/>
    <property name="file.separator" value="/"/>
    <property name="basedir" value="/Users/kekeli/Desktop/videogame-api-test"/>
    <property name="java.vm.compressedOopsMode" value="Zero based"/>
    <property name="line.separator" value="&#10;"/>
    <property name="java.vm.specification.vendor" value="Oracle Corporation"/>
    <property name="java.specification.name" value="Java Platform API Specification"/>
    <property name="apple.awt.application.name" value="ForkedBooter"/>
    <property name="surefire.real.class.path" value="/Users/kekeli/Desktop/videogame-api-test/target/surefire/surefirebooter-20250201105712980_3.jar"/>
    <property name="sun.management.compiler" value="HotSpot 64-Bit Tiered Compilers"/>
    <property name="ftp.nonProxyHosts" value="local|*.local|169.254/16|*.169.254/16"/>
    <property name="java.runtime.version" value="23.0.1+11-39"/>
    <property name="user.name" value="kekeli"/>
    <property name="stdout.encoding" value="UTF-8"/>
    <property name="path.separator" value=":"/>
    <property name="os.version" value="14.6.1"/>
    <property name="java.runtime.name" value="Java(TM) SE Runtime Environment"/>
    <property name="file.encoding" value="UTF-8"/>
    <property name="java.vm.name" value="Java HotSpot(TM) 64-Bit Server VM"/>
    <property name="localRepository" value="/Users/kekeli/.m2/repository"/>
    <property name="java.vendor.url.bug" value="https://bugreport.java.com/bugreport/"/>
    <property name="java.io.tmpdir" value="/var/folders/n6/bhrrzj8j08n9pqm0dklzz0wc0000gn/T/"/>
    <property name="java.version" value="23.0.1"/>
    <property name="user.dir" value="/Users/kekeli/Desktop/videogame-api-test"/>
    <property name="os.arch" value="aarch64"/>
    <property name="java.vm.specification.name" value="Java Virtual Machine Specification"/>
    <property name="native.encoding" value="UTF-8"/>
    <property name="java.library.path" value="/Users/kekeli/Library/Java/Extensions:/Library/Java/Extensions:/Network/Library/Java/Extensions:/System/Library/Java/Extensions:/usr/lib/java:."/>
    <property name="java.vm.info" value="mixed mode, sharing"/>
    <property name="stderr.encoding" value="UTF-8"/>
    <property name="java.vendor" value="Oracle Corporation"/>
    <property name="java.vm.version" value="23.0.1+11-39"/>
    <property name="sun.io.unicode.encoding" value="UnicodeBig"/>
    <property name="socksNonProxyHosts" value="local|*.local|169.254/16|*.169.254/16"/>
    <property name="java.class.version" value="67.0"/>
  </properties>
  <testcase name="testCreateGame" classname="tests.GameTests" time="1.716">
    <system-out><![CDATA[2025-02-01 10:57:13 [main] INFO  tests.GameTests - [Test Case 3.1] Creating a new game: NewGame1738407433568
2025-02-01 10:57:13 [main] INFO  services.AuthService - [AuthService] Requesting authentication token...
2025-02-01 10:57:14 [main] INFO  services.AuthService - [AuthService] Response received in 674 ms
2025-02-01 10:57:14 [main] INFO  services.AuthService - [AuthService] Authentication successful. Token: eyJhbGciOiJIUzI1NiJ9.eyJzdWIiOiJhZG1pbiIsImlhdCI6MTczODQwNzQzNCwiZXhwIjoxNzM4NDExMDM0fQ.EYhjEMxQ5gBmqVE4xxe-fc-cdi0SOqQd_8w4BMoHmjU
2025-02-01 10:57:15 [main] INFO  tests.GameTests - [Test Case 3.2] Status code is 200
2025-02-01 10:57:15 [main] INFO  tests.GameTests - [Test Case 3] Game creation test PASSED!
]]></system-out>
    <system-err><![CDATA[SLF4J: No SLF4J providers were found.
SLF4J: Defaulting to no-operation (NOP) logger implementation
SLF4J: See https://www.slf4j.org/codes.html#noProviders for further details.
SLF4J: Class path contains SLF4J bindings targeting slf4j-api versions 1.7.x or earlier.
SLF4J: Ignoring binding found at [jar:file:/Users/kekeli/.m2/repository/org/apache/logging/log4j/log4j-slf4j-impl/2.20.0/log4j-slf4j-impl-2.20.0.jar!/org/slf4j/impl/StaticLoggerBinder.class]
SLF4J: See https://www.slf4j.org/codes.html#ignoredBindings for an explanation.
]]></system-err>
  </testcase>
  <testcase name="testDeleteGame" classname="tests.GameTests" time="2.121">
    <system-out><![CDATA[2025-02-01 10:57:15 [main] INFO  tests.GameTests - [Test Case 5.1] Creating a game for deletion test: TestGame1738407435271
2025-02-01 10:57:15 [main] INFO  services.AuthService - [AuthService] Requesting authentication token...
2025-02-01 10:57:15 [main] INFO  services.AuthService - [AuthService] Response received in 386 ms
2025-02-01 10:57:15 [main] INFO  services.AuthService - [AuthService] Authentication successful. Token: eyJhbGciOiJIUzI1NiJ9.eyJzdWIiOiJhZG1pbiIsImlhdCI6MTczODQwNzQzNSwiZXhwIjoxNzM4NDExMDM1fQ.VnIj6fVdfeRP-Jk6EQbCl_xQjqAngHpzSqwa6XgJ8w4
2025-02-01 10:57:16 [main] INFO  tests.GameTests - [Test Case 5.3] Extracted Game ID for deletion: 0
2025-02-01 10:57:16 [main] INFO  services.AuthService - [AuthService] Requesting authentication token...
2025-02-01 10:57:16 [main] INFO  services.AuthService - [AuthService] Response received in 398 ms
2025-02-01 10:57:16 [main] INFO  services.AuthService - [AuthService] Authentication successful. Token: eyJhbGciOiJIUzI1NiJ9.eyJzdWIiOiJhZG1pbiIsImlhdCI6MTczODQwNzQzNiwiZXhwIjoxNzM4NDExMDM2fQ.oNZhrSHjRRuWvefWAcw6eOS1IJQPDmFw_MorBnA6uq4
2025-02-01 10:57:16 [main] INFO  tests.GameTests - [Test Case 5.4] Delete request acknowledged, but game is not actually removed (Read-Only Mode)
2025-02-01 10:57:17 [main] INFO  tests.GameTests - [Test Case 5.5] Verified game is not found after deletion attempt
2025-02-01 10:57:17 [main] INFO  tests.GameTests - [Test Case 5] Delete Game test PASSED! (Read-Only Mode)
]]></system-out>
  </testcase>
  <testcase name="testGetAllGames" classname="tests.GameTests" time="0.426">
    <system-out><![CDATA[2025-02-01 10:57:17 [main] INFO  tests.GameTests - [Test Case 1.1] Fetching all games...
Sending request to fetch all games...
Response received: Status Code -> 200
2025-02-01 10:57:17 [main] INFO  tests.GameTests - [Test Case 1.2] Status code 200: PASSED
2025-02-01 10:57:17 [main] INFO  tests.GameTests - [Test Case 1.3] At least one game exists in list: PASSED
2025-02-01 10:57:17 [main] INFO  tests.GameTests - [Test Case 1.4] Valid Game ID: 1 PASSED
2025-02-01 10:57:17 [main] INFO  tests.GameTests - [Test Case 1.4] Valid Game ID: 2 PASSED
2025-02-01 10:57:17 [main] INFO  tests.GameTests - [Test Case 1.4] Valid Game ID: 3 PASSED
2025-02-01 10:57:17 [main] INFO  tests.GameTests - [Test Case 1.4] Valid Game ID: 4 PASSED
2025-02-01 10:57:17 [main] INFO  tests.GameTests - [Test Case 1.4] Valid Game ID: 5 PASSED
2025-02-01 10:57:17 [main] INFO  tests.GameTests - [Test Case 1.4] Valid Game ID: 6 PASSED
2025-02-01 10:57:17 [main] INFO  tests.GameTests - [Test Case 1.4] Valid Game ID: 7 PASSED
2025-02-01 10:57:17 [main] INFO  tests.GameTests - [Test Case 1.4] Valid Game ID: 8 PASSED
2025-02-01 10:57:17 [main] INFO  tests.GameTests - [Test Case 1.4] Valid Game ID: 9 PASSED
2025-02-01 10:57:17 [main] INFO  tests.GameTests - [Test Case 1.4] Valid Game ID: 10 PASSED
2025-02-01 10:57:17 [main] INFO  tests.GameTests - [Test Case 1] Get all games: COMPLETED SUCCESSFULLY!
]]></system-out>
  </testcase>
  <testcase name="testGetGameById" classname="tests.GameTests" time="0.409">
    <system-out><![CDATA[2025-02-01 10:57:17 [main] INFO  tests.GameTests - [Test Case 2.1] Fetching game with ID: 1
2025-02-01 10:57:18 [main] INFO  tests.GameTests - [Test Case 2.2] Status code is 200
2025-02-01 10:57:18 [main] INFO  tests.GameTests - [Test Case 2.3] Response contains correct Game ID
2025-02-01 10:57:18 [main] INFO  tests.GameTests - [Test Case 2] Game fetch test PASSED!
]]></system-out>
  </testcase>
  <testcase name="testUpdateGame" classname="tests.GameTests" time="0.872">
    <system-out><![CDATA[2025-02-01 10:57:18 [main] INFO  tests.GameTests - [Test Case 4.1] Attempting to update Game ID: 1
2025-02-01 10:57:18 [main] INFO  services.AuthService - [AuthService] Requesting authentication token...
2025-02-01 10:57:18 [main] INFO  services.AuthService - [AuthService] Response received in 405 ms
2025-02-01 10:57:18 [main] INFO  services.AuthService - [AuthService] Authentication successful. Token: eyJhbGciOiJIUzI1NiJ9.eyJzdWIiOiJhZG1pbiIsImlhdCI6MTczODQwNzQzOCwiZXhwIjoxNzM4NDExMDM4fQ.dM0xMShrUov7MlG8BFsaviWMD97wu0ePanXlMbymquA
2025-02-01 10:57:19 [main] INFO  tests.GameTests - [Test Case 4.2] Status code is 200
2025-02-01 10:57:19 [main] INFO  tests.GameTests - [Test Case 4] Game update test PASSED! (Read-Only Mode: Changes won’t persist)
]]></system-out>
  </testcase>
  <testcase name="testConfigValues" classname="tests.ConfigTest" time="0.004"/>
  <testcase name="testAuthentication" classname="tests.AuthTests" time="0.406">
    <system-out><![CDATA[2025-02-01 10:57:19 [main] INFO  tests.AuthTests - [Test Case 1.1] Attempting to authenticate and retrieve token...
2025-02-01 10:57:19 [main] INFO  services.AuthService - [AuthService] Requesting authentication token...
2025-02-01 10:57:19 [main] INFO  services.AuthService - [AuthService] Response received in 392 ms
2025-02-01 10:57:19 [main] INFO  services.AuthService - [AuthService] Authentication successful. Token: eyJhbGciOiJIUzI1NiJ9.eyJzdWIiOiJhZG1pbiIsImlhdCI6MTczODQwNzQzOSwiZXhwIjoxNzM4NDExMDM5fQ.DrrCHTI3abRprQVkm1t9ilgtI6CfqA-ZHOZgUNSl0Q8
2025-02-01 10:57:19 [main] INFO  tests.AuthTests - [Test Case 1.2] Token successfully retrieved: eyJhbGciOiJIUzI1NiJ9.eyJzdWIiOiJhZG1pbiIsImlhdCI6MTczODQwNzQzOSwiZXhwIjoxNzM4NDExMDM5fQ.DrrCHTI3abRprQVkm1t9ilgtI6CfqA-ZHOZgUNSl0Q8
2025-02-01 10:57:19 [main] INFO  tests.AuthTests - [Test Case 1.3] Token length is valid
2025-02-01 10:57:19 [main] INFO  tests.AuthTests - [Test Case 1] Authentication test PASSED!
]]></system-out>
  </testcase>
  <testcase name="testInvalidAuthentication" classname="tests.AuthTests" time="0.412">
    <system-out><![CDATA[2025-02-01 10:57:19 [main] INFO  tests.AuthTests - [Test Case 3.1] Attempting authentication with invalid credentials...
2025-02-01 10:57:19 [main] INFO  services.AuthService - [AuthService] Attempting authentication with invalid credentials...
2025-02-01 10:57:19 [main] INFO  services.AuthService - [AuthService] Response received in 404 ms
2025-02-01 10:57:19 [main] INFO  services.AuthService - [AuthService] Authentication failed as expected. Status: 403
2025-02-01 10:57:19 [main] INFO  tests.AuthTests - [Test Case 3.2] Authentication correctly failed with invalid credentials
2025-02-01 10:57:19 [main] INFO  tests.AuthTests - [Test Case 3] Invalid authentication test PASSED!
]]></system-out>
  </testcase>
  <testcase name="testTokenFormat" classname="tests.AuthTests" time="0.414">
    <system-out><![CDATA[2025-02-01 10:57:19 [main] INFO  tests.AuthTests - [Test Case 2.1] Checking token format...
2025-02-01 10:57:19 [main] INFO  services.AuthService - [AuthService] Requesting authentication token...
2025-02-01 10:57:20 [main] INFO  services.AuthService - [AuthService] Response received in 395 ms
2025-02-01 10:57:20 [main] INFO  services.AuthService - [AuthService] Authentication successful. Token: eyJhbGciOiJIUzI1NiJ9.eyJzdWIiOiJhZG1pbiIsImlhdCI6MTczODQwNzQ0MCwiZXhwIjoxNzM4NDExMDQwfQ.Fx8ZlhE27QhkV2b0JGNcRXF0SIMmnjptLn5sM9Qsm2E
2025-02-01 10:57:20 [main] INFO  tests.AuthTests - [Test Case 2.2] Token format is valid
2025-02-01 10:57:20 [main] INFO  tests.AuthTests - [Test Case 2] Token format validation PASSED!
]]></system-out>
  </testcase>
</testsuite>