<?xml version="1.0" encoding="UTF-8"?>
<!-- Generated by org.testng.reporters.JUnitReportReporter -->
<testsuite hostname="Kekelis-MacBook-Pro.local" failures="0" tests="5" name="tests.GameTests" time="5.066" errors="0" timestamp="2025-01-31T18:24:15 GMT" skipped="0">
  <testcase classname="tests.GameTests" name="testDeleteGame" time="1.964"/>
  <system-out/>
  <testcase classname="tests.GameTests" name="testCreateGame" time="1.582"/>
  <system-out/>
  <testcase classname="tests.GameTests" name="testUpdateGame" time="0.761"/>
  <system-out/>
  <testcase classname="tests.GameTests" name="testGetGameById" time="0.367"/>
  <system-out/>
  <testcase classname="tests.GameTests" name="testGetAllGames" time="0.392"/>
  <system-out/>
</testsuite> <!-- tests.GameTests -->
