<?xml version="1.0" encoding="UTF-8"?>
<!-- Generated by org.testng.reporters.JUnitReportReporter -->
<testsuite hostname="Kekelis-MacBook-Pro.local" failures="0" tests="5" name="tests.GameTests" time="5.511" errors="0" timestamp="2025-02-01T10:57:20 GMT" skipped="0">
  <testcase classname="tests.GameTests" name="testDeleteGame" time="2.118"/>
  <system-out/>
  <testcase classname="tests.GameTests" name="testCreateGame" time="1.688"/>
  <system-out/>
  <testcase classname="tests.GameTests" name="testUpdateGame" time="0.870"/>
  <system-out/>
  <testcase classname="tests.GameTests" name="testGetGameById" time="0.409"/>
  <system-out/>
  <testcase classname="tests.GameTests" name="testGetAllGames" time="0.426"/>
  <system-out/>
</testsuite> <!-- tests.GameTests -->
