<?xml version="1.0" encoding="UTF-8"?>
<!-- Generated by org.testng.reporters.JUnitReportReporter -->
<testsuite hostname="Kekelis-MacBook-Pro.local" failures="0" tests="1" name="tests.AuthTests" time="0.470" errors="0" timestamp="2025-01-30T12:33:55 GMT" skipped="0">
  <testcase classname="tests.AuthTests" name="testAuthentication" time="0.470"/>
  <system-out/>
</testsuite> <!-- tests.AuthTests -->
