<?xml version="1.0" encoding="UTF-8"?>
<!-- Generated by org.testng.reporters.JUnitReportReporter -->
<testsuite hostname="Kekelis-MacBook-Pro.local" failures="0" tests="3" name="tests.AuthTests" time="1.230" errors="0" timestamp="2025-02-01T10:57:20 GMT" skipped="0">
  <testcase classname="tests.AuthTests" name="testTokenFormat" time="0.414"/>
  <system-out/>
  <testcase classname="tests.AuthTests" name="testInvalidAuthentication" time="0.411"/>
  <system-out/>
  <testcase classname="tests.AuthTests" name="testAuthentication" time="0.405"/>
  <system-out/>
</testsuite> <!-- tests.AuthTests -->
