<?xml version="1.0" encoding="UTF-8"?>
<!-- Generated by org.testng.reporters.JUnitReportReporter -->
<testsuite hostname="Kekelis-MacBook-Pro.local" failures="0" tests="5" name="tests.GameTests" time="4.898" errors="0" timestamp="2025-01-31T13:52:55 GMT" skipped="0">
  <testcase classname="tests.GameTests" name="testDeleteGame" time="1.879"/>
  <system-out/>
  <testcase classname="tests.GameTests" name="testUpdateGame" time="0.739"/>
  <system-out/>
  <testcase classname="tests.GameTests" name="testCreateGame" time="1.532"/>
  <system-out/>
  <testcase classname="tests.GameTests" name="testGetAllGames" time="0.390"/>
  <system-out/>
  <testcase classname="tests.GameTests" name="testGetGameById" time="0.358"/>
  <system-out/>
</testsuite> <!-- tests.GameTests -->
