<?xml version="1.0" encoding="UTF-8"?>
<!-- Generated by org.testng.reporters.JUnitReportReporter -->
<testsuite hostname="Kekelis-MacBook-Pro.local" failures="0" tests="5" name="tests.GameTests" time="5.440" errors="0" timestamp="2025-01-31T18:05:33 GMT" skipped="0">
  <testcase classname="tests.GameTests" name="testDeleteGame" time="2.169"/>
  <system-out/>
  <testcase classname="tests.GameTests" name="testCreateGame" time="1.655"/>
  <system-out/>
  <testcase classname="tests.GameTests" name="testUpdateGame" time="0.790"/>
  <system-out/>
  <testcase classname="tests.GameTests" name="testGetGameById" time="0.391"/>
  <system-out/>
  <testcase classname="tests.GameTests" name="testGetAllGames" time="0.435"/>
  <system-out/>
</testsuite> <!-- tests.GameTests -->
