<?xml version="1.0" encoding="UTF-8"?>
<!-- Generated by org.testng.reporters.JUnitReportReporter -->
<testsuite hostname="Kekelis-MacBook-Pro.local" failures="0" tests="5" name="tests.GameTests" time="5.642" errors="0" timestamp="2025-01-30T12:33:55 GMT" skipped="0">
  <testcase classname="tests.GameTests" name="testGetAllGames" time="0.439"/>
  <system-out/>
  <testcase classname="tests.GameTests" name="testCreateGame" time="1.649"/>
  <system-out/>
  <testcase classname="tests.GameTests" name="testDeleteGame" time="2.216"/>
  <system-out/>
  <testcase classname="tests.GameTests" name="testGetGameById" time="0.440"/>
  <system-out/>
  <testcase classname="tests.GameTests" name="testUpdateGame" time="0.898"/>
  <system-out/>
</testsuite> <!-- tests.GameTests -->
