<?xml version="1.0" encoding="UTF-8"?>
<!-- Generated by org.testng.reporters.JUnitReportReporter -->
<testsuite hostname="Kekelis-MacBook-Pro.local" failures="0" tests="1" name="tests.AuthTests" time="0.389" errors="0" timestamp="2025-01-31T14:06:31 GMT" skipped="0">
  <testcase classname="tests.AuthTests" name="testAuthentication" time="0.389"/>
  <system-out/>
</testsuite> <!-- tests.AuthTests -->
