<?xml version="1.0" encoding="UTF-8"?>
<!-- Generated by org.testng.reporters.JUnitReportReporter -->
<testsuite hostname="Kekelis-MacBook-Pro.local" failures="0" tests="3" name="tests.AuthTests" time="1.136" errors="0" timestamp="2025-01-31T18:24:15 GMT" skipped="0">
  <testcase classname="tests.AuthTests" name="testTokenFormat" time="0.392"/>
  <system-out/>
  <testcase classname="tests.AuthTests" name="testInvalidAuthentication" time="0.368"/>
  <system-out/>
  <testcase classname="tests.AuthTests" name="testAuthentication" time="0.376"/>
  <system-out/>
</testsuite> <!-- tests.AuthTests -->
