<?xml version="1.0" encoding="UTF-8"?>
<!-- Generated by org.testng.reporters.JUnitReportReporter -->
<testsuite hostname="Kekelis-MacBook-Pro.local" failures="0" tests="1" name="tests.ConfigTest" time="0.005" errors="0" timestamp="2025-01-31T18:05:33 GMT" skipped="0">
  <testcase classname="tests.ConfigTest" name="testConfigValues" time="0.005"/>
  <system-out/>
</testsuite> <!-- tests.ConfigTest -->
